2025-10-15 13:41:51,347 DEBUG    root            Loaded Command Group: ['gcloud', 'components']
2025-10-15 13:41:51,377 DEBUG    root            Loaded Command Group: ['gcloud', 'components', 'update']
2025-10-15 13:41:51,379 DEBUG    root            Running [gcloud.components.update] with arguments: [--quiet: "True", COMPONENT-IDS:8: "['gcloud', 'core', 'bq', 'gsutil', 'compute', 'preview', 'alpha', 'beta']"]
2025-10-15 13:41:51,380 INFO     ___FILE_ONLY___ Beginning update. This process may take several minutes.

2025-10-15 13:41:51,389 DEBUG    urllib3.connectionpool Starting new HTTPS connection (1): dl.google.com:443
2025-10-15 13:41:52,333 DEBUG    urllib3.connectionpool https://dl.google.com:443 "GET /dl/cloudsdk/channels/rapid/components-2.json HTTP/11" 200 233157
2025-10-15 13:41:52,345 WARNING  root            Component [compute] no longer exists.
2025-10-15 13:41:52,346 INFO     ___FILE_ONLY___ 

2025-10-15 13:41:52,346 INFO     ___FILE_ONLY___ 
Your current Google Cloud CLI version is: 543.0.0

2025-10-15 13:41:52,346 INFO     ___FILE_ONLY___ Installing components from version: 543.0.0

2025-10-15 13:41:52,346 INFO     ___FILE_ONLY___ 

2025-10-15 13:41:52,346 DEBUG    root            Chosen display Format:table[box,title="These components will be removed."](details.display_name:label=Name:align=left,version.version_string:label=Version:align=right,data.size.size(zero="",min=1048576):label=Size:align=right)
2025-10-15 13:41:52,347 DEBUG    root            Chosen display Format:table[box,title="These components will be updated."](details.display_name:label=Name:align=left,version.version_string:label=Version:align=right,data.size.size(zero="",min=1048576):label=Size:align=right)
2025-10-15 13:41:52,347 DEBUG    root            Chosen display Format:table[box,title="These components will be installed."](details.display_name:label=Name:align=left,version.version_string:label=Version:align=right,data.size.size(zero="",min=1048576):label=Size:align=right)
2025-10-15 13:41:52,363 INFO     ___FILE_ONLY___ ┌────────────────────────────────────────────────┐
2025-10-15 13:41:52,363 INFO     ___FILE_ONLY___ 

2025-10-15 13:41:52,363 INFO     ___FILE_ONLY___ │      These components will be installed.       │
2025-10-15 13:41:52,363 INFO     ___FILE_ONLY___ 

2025-10-15 13:41:52,363 INFO     ___FILE_ONLY___ ├─────────────────────────┬────────────┬─────────┤
2025-10-15 13:41:52,363 INFO     ___FILE_ONLY___ 

2025-10-15 13:41:52,363 INFO     ___FILE_ONLY___ │           Name          │  Version   │   Size  │
2025-10-15 13:41:52,363 INFO     ___FILE_ONLY___ 

2025-10-15 13:41:52,363 INFO     ___FILE_ONLY___ ├─────────────────────────┼────────────┼─────────┤
2025-10-15 13:41:52,363 INFO     ___FILE_ONLY___ 

2025-10-15 13:41:52,363 INFO     ___FILE_ONLY___ │ 
2025-10-15 13:41:52,363 INFO     ___FILE_ONLY___ gcloud Alpha Commands  
2025-10-15 13:41:52,363 INFO     ___FILE_ONLY___  
2025-10-15 13:41:52,364 INFO     ___FILE_ONLY___ │ 
2025-10-15 13:41:52,364 INFO     ___FILE_ONLY___ 2025.10.10
2025-10-15 13:41:52,364 INFO     ___FILE_ONLY___  
2025-10-15 13:41:52,364 INFO     ___FILE_ONLY___ │ 
2025-10-15 13:41:52,364 INFO     ___FILE_ONLY___ < 1 MiB
2025-10-15 13:41:52,364 INFO     ___FILE_ONLY___  
2025-10-15 13:41:52,364 INFO     ___FILE_ONLY___ │
2025-10-15 13:41:52,364 INFO     ___FILE_ONLY___ 

2025-10-15 13:41:52,364 INFO     ___FILE_ONLY___ │ 
2025-10-15 13:41:52,364 INFO     ___FILE_ONLY___ gcloud Beta Commands   
2025-10-15 13:41:52,364 INFO     ___FILE_ONLY___  
2025-10-15 13:41:52,364 INFO     ___FILE_ONLY___ │ 
2025-10-15 13:41:52,364 INFO     ___FILE_ONLY___ 2025.10.10
2025-10-15 13:41:52,364 INFO     ___FILE_ONLY___  
2025-10-15 13:41:52,364 INFO     ___FILE_ONLY___ │ 
2025-10-15 13:41:52,364 INFO     ___FILE_ONLY___ < 1 MiB
2025-10-15 13:41:52,364 INFO     ___FILE_ONLY___  
2025-10-15 13:41:52,364 INFO     ___FILE_ONLY___ │
2025-10-15 13:41:52,364 INFO     ___FILE_ONLY___ 

2025-10-15 13:41:52,364 INFO     ___FILE_ONLY___ │ 
2025-10-15 13:41:52,364 INFO     ___FILE_ONLY___ gcloud Preview Commands
2025-10-15 13:41:52,365 INFO     ___FILE_ONLY___  
2025-10-15 13:41:52,365 INFO     ___FILE_ONLY___ │ 
2025-10-15 13:41:52,365 INFO     ___FILE_ONLY___           
2025-10-15 13:41:52,365 INFO     ___FILE_ONLY___  
2025-10-15 13:41:52,365 INFO     ___FILE_ONLY___ │ 
2025-10-15 13:41:52,365 INFO     ___FILE_ONLY___ < 1 MiB
2025-10-15 13:41:52,365 INFO     ___FILE_ONLY___  
2025-10-15 13:41:52,365 INFO     ___FILE_ONLY___ │
2025-10-15 13:41:52,365 INFO     ___FILE_ONLY___ 

2025-10-15 13:41:52,365 INFO     ___FILE_ONLY___ └─────────────────────────┴────────────┴─────────┘
2025-10-15 13:41:52,365 INFO     ___FILE_ONLY___ 

2025-10-15 13:41:52,365 INFO     ___FILE_ONLY___ 

2025-10-15 13:41:52,368 DEBUG    urllib3.connectionpool Starting new HTTPS connection (1): dl.google.com:443
2025-10-15 13:41:53,269 DEBUG    urllib3.connectionpool https://dl.google.com:443 "GET /dl/cloudsdk/channels/rapid/RELEASE_NOTES HTTP/11" 200 1499632
2025-10-15 13:41:53,777 INFO     ___FILE_ONLY___ For the latest full release notes, please visit:
  https://cloud.google.com/sdk/release_notes


2025-10-15 13:41:53,778 INFO     ___FILE_ONLY___ Performing in place update...


2025-10-15 13:41:53,780 INFO     ___FILE_ONLY___ ╔════════════════════════════════════════════════════════════╗

2025-10-15 13:41:53,780 INFO     ___FILE_ONLY___ ╠═ Downloading: gcloud Alpha Commands                       ═╣

2025-10-15 13:41:53,780 INFO     ___FILE_ONLY___ ╚
2025-10-15 13:41:53,782 DEBUG    urllib3.connectionpool Starting new HTTPS connection (1): dl.google.com:443
2025-10-15 13:41:53,951 DEBUG    urllib3.connectionpool https://dl.google.com:443 "GET /dl/cloudsdk/channels/rapid/components/google-cloud-sdk-alpha-20251010143653.tar.gz HTTP/11" 200 800
2025-10-15 13:41:53,952 INFO     ___FILE_ONLY___ ════════════════════════════════════════════════════════════
2025-10-15 13:41:53,952 INFO     ___FILE_ONLY___ ╝

2025-10-15 13:41:53,954 INFO     ___FILE_ONLY___ ╔════════════════════════════════════════════════════════════╗

2025-10-15 13:41:53,954 INFO     ___FILE_ONLY___ ╠═ Downloading: gcloud Beta Commands                        ═╣

2025-10-15 13:41:53,954 INFO     ___FILE_ONLY___ ╚
2025-10-15 13:41:53,957 DEBUG    urllib3.connectionpool Starting new HTTPS connection (1): dl.google.com:443
2025-10-15 13:41:54,857 DEBUG    urllib3.connectionpool https://dl.google.com:443 "GET /dl/cloudsdk/channels/rapid/components/google-cloud-sdk-beta-20251010143653.tar.gz HTTP/11" 200 797
2025-10-15 13:41:54,858 INFO     ___FILE_ONLY___ ════════════════════════════════════════════════════════════
2025-10-15 13:41:54,858 INFO     ___FILE_ONLY___ ╝

2025-10-15 13:41:54,860 INFO     ___FILE_ONLY___ ╔════════════════════════════════════════════════════════════╗

2025-10-15 13:41:54,860 INFO     ___FILE_ONLY___ ╠═ Downloading: gcloud Preview Commands                     ═╣

2025-10-15 13:41:54,860 INFO     ___FILE_ONLY___ ╚
2025-10-15 13:41:54,863 DEBUG    urllib3.connectionpool Starting new HTTPS connection (1): dl.google.com:443
2025-10-15 13:41:55,820 DEBUG    urllib3.connectionpool https://dl.google.com:443 "GET /dl/cloudsdk/channels/rapid/components/google-cloud-sdk-preview-20241115154308.tar.gz HTTP/11" 200 823
2025-10-15 13:41:55,821 INFO     ___FILE_ONLY___ ════════════════════════════════════════════════════════════
2025-10-15 13:41:55,821 INFO     ___FILE_ONLY___ ╝

2025-10-15 13:41:55,823 INFO     ___FILE_ONLY___ ╔════════════════════════════════════════════════════════════╗

2025-10-15 13:41:55,823 INFO     ___FILE_ONLY___ ╠═ Installing: gcloud Alpha Commands                        ═╣

2025-10-15 13:41:55,823 INFO     ___FILE_ONLY___ ╚
2025-10-15 13:41:55,824 INFO     ___FILE_ONLY___ ════════════════════════════════════════════════════════════
2025-10-15 13:41:55,824 INFO     ___FILE_ONLY___ ╝

2025-10-15 13:41:55,830 INFO     ___FILE_ONLY___ ╔════════════════════════════════════════════════════════════╗

2025-10-15 13:41:55,831 INFO     ___FILE_ONLY___ ╠═ Installing: gcloud Beta Commands                         ═╣

2025-10-15 13:41:55,831 INFO     ___FILE_ONLY___ ╚
2025-10-15 13:41:55,831 INFO     ___FILE_ONLY___ ════════════════════════════════════════════════════════════
2025-10-15 13:41:55,832 INFO     ___FILE_ONLY___ ╝

2025-10-15 13:41:55,836 INFO     ___FILE_ONLY___ ╔════════════════════════════════════════════════════════════╗

2025-10-15 13:41:55,836 INFO     ___FILE_ONLY___ ╠═ Installing: gcloud Preview Commands                      ═╣

2025-10-15 13:41:55,836 INFO     ___FILE_ONLY___ ╚
2025-10-15 13:41:55,836 INFO     ___FILE_ONLY___ ════════════════════════════════════════════════════════════
2025-10-15 13:41:55,837 INFO     ___FILE_ONLY___ ╝

2025-10-15 13:41:55,843 DEBUG    root            Updating notification cache...
2025-10-15 13:41:55,843 INFO     ___FILE_ONLY___ 

2025-10-15 13:41:55,844 INFO     ___FILE_ONLY___ Performing post processing steps...
2025-10-15 13:41:55,845 DEBUG    root            Executing command: ['/tools/google-cloud-sdk/bin/gcloud', 'components', 'post-process']
2025-10-15 13:42:04,064 DEBUG    ___FILE_ONLY___ 
2025-10-15 13:42:04,064 DEBUG    ___FILE_ONLY___ 
2025-10-15 13:42:04,115 INFO     root            descriptor_list: [{'universeDomain': 'googleapis.com', 'universeShortName': '', 'authenticationDomain': 'auth.cloud.google.com', 'projectPrefix': '', 'cloudWebDomain': 'cloud.google.com', 'documentationDomain': 'cloud.google.com', 'version': '1.0.0', 'state': 'primary', 'artifactRegistryDomain': 'pkg.dev'}]
2025-10-15 13:42:04,115 INFO     ___FILE_ONLY___ 
Update done!


2025-10-15 13:42:04,118 DEBUG    root            Chosen display Format:none
2025-10-15 13:42:04,118 INFO     root            Display format: "none"
