2025-10-15 13:41:26,435 DEBUG    root            Loaded Command Group: ['gcloud', 'components']
2025-10-15 13:41:26,439 DEBUG    root            Loaded Command Group: ['gcloud', 'components', 'update']
2025-10-15 13:41:26,441 DEBUG    root            Running [gcloud.components.update] with arguments: [--compile-python: "True", --quiet: "True", COMPONENT-IDS:6: "['core', 'gcloud-deps', 'bq', 'gcloud', 'gcloud-crc32c', 'gsutil']"]
2025-10-15 13:41:26,442 INFO     ___FILE_ONLY___ Beginning update. This process may take several minutes.

2025-10-15 13:41:26,476 DEBUG    urllib3.connectionpool Starting new HTTPS connection (1): dl.google.com:443
2025-10-15 13:41:27,438 DEBUG    urllib3.connectionpool https://dl.google.com:443 "GET /dl/cloudsdk/channels/rapid/components-2.json HTTP/11" 200 233157
2025-10-15 13:41:27,449 INFO     ___FILE_ONLY___ 

2025-10-15 13:41:27,450 INFO     ___FILE_ONLY___ 
Your current Google Cloud CLI version is: 543.0.0

2025-10-15 13:41:27,450 INFO     ___FILE_ONLY___ Installing components from version: 543.0.0

2025-10-15 13:41:27,450 INFO     ___FILE_ONLY___ 

2025-10-15 13:41:27,450 DEBUG    root            Chosen display Format:table[box,title="These components will be removed."](details.display_name:label=Name:align=left,version.version_string:label=Version:align=right,data.size.size(zero="",min=1048576):label=Size:align=right)
2025-10-15 13:41:27,450 DEBUG    root            Chosen display Format:table[box,title="These components will be updated."](details.display_name:label=Name:align=left,version.version_string:label=Version:align=right,data.size.size(zero="",min=1048576):label=Size:align=right)
2025-10-15 13:41:27,451 DEBUG    root            Chosen display Format:table[box,title="These components will be installed."](details.display_name:label=Name:align=left,version.version_string:label=Version:align=right,data.size.size(zero="",min=1048576):label=Size:align=right)
2025-10-15 13:41:27,492 INFO     ___FILE_ONLY___ ┌─────────────────────────────────────────────────────────────────────────────┐
2025-10-15 13:41:27,492 INFO     ___FILE_ONLY___ 

2025-10-15 13:41:27,493 INFO     ___FILE_ONLY___ │                     These components will be installed.                     │
2025-10-15 13:41:27,493 INFO     ___FILE_ONLY___ 

2025-10-15 13:41:27,493 INFO     ___FILE_ONLY___ ├─────────────────────────────────────────────────────┬────────────┬──────────┤
2025-10-15 13:41:27,493 INFO     ___FILE_ONLY___ 

2025-10-15 13:41:27,493 INFO     ___FILE_ONLY___ │                         Name                        │  Version   │   Size   │
2025-10-15 13:41:27,493 INFO     ___FILE_ONLY___ 

2025-10-15 13:41:27,493 INFO     ___FILE_ONLY___ ├─────────────────────────────────────────────────────┼────────────┼──────────┤
2025-10-15 13:41:27,493 INFO     ___FILE_ONLY___ 

2025-10-15 13:41:27,493 INFO     ___FILE_ONLY___ │ 
2025-10-15 13:41:27,493 INFO     ___FILE_ONLY___ BigQuery Command Line Tool                         
2025-10-15 13:41:27,494 INFO     ___FILE_ONLY___  
2025-10-15 13:41:27,494 INFO     ___FILE_ONLY___ │ 
2025-10-15 13:41:27,494 INFO     ___FILE_ONLY___     2.1.24
2025-10-15 13:41:27,494 INFO     ___FILE_ONLY___  
2025-10-15 13:41:27,494 INFO     ___FILE_ONLY___ │ 
2025-10-15 13:41:27,494 INFO     ___FILE_ONLY___  1.8 MiB
2025-10-15 13:41:27,494 INFO     ___FILE_ONLY___  
2025-10-15 13:41:27,495 INFO     ___FILE_ONLY___ │
2025-10-15 13:41:27,495 INFO     ___FILE_ONLY___ 

2025-10-15 13:41:27,495 INFO     ___FILE_ONLY___ │ 
2025-10-15 13:41:27,495 INFO     ___FILE_ONLY___ BigQuery Command Line Tool (Platform Specific)     
2025-10-15 13:41:27,495 INFO     ___FILE_ONLY___  
2025-10-15 13:41:27,495 INFO     ___FILE_ONLY___ │ 
2025-10-15 13:41:27,495 INFO     ___FILE_ONLY___     2.1.17
2025-10-15 13:41:27,495 INFO     ___FILE_ONLY___  
2025-10-15 13:41:27,495 INFO     ___FILE_ONLY___ │ 
2025-10-15 13:41:27,495 INFO     ___FILE_ONLY___  < 1 MiB
2025-10-15 13:41:27,495 INFO     ___FILE_ONLY___  
2025-10-15 13:41:27,495 INFO     ___FILE_ONLY___ │
2025-10-15 13:41:27,496 INFO     ___FILE_ONLY___ 

2025-10-15 13:41:27,496 INFO     ___FILE_ONLY___ │ 
2025-10-15 13:41:27,496 INFO     ___FILE_ONLY___ Bundled Python 3.12 (Platform Specific)            
2025-10-15 13:41:27,496 INFO     ___FILE_ONLY___  
2025-10-15 13:41:27,496 INFO     ___FILE_ONLY___ │ 
2025-10-15 13:41:27,496 INFO     ___FILE_ONLY___     3.12.9
2025-10-15 13:41:27,496 INFO     ___FILE_ONLY___  
2025-10-15 13:41:27,496 INFO     ___FILE_ONLY___ │ 
2025-10-15 13:41:27,496 INFO     ___FILE_ONLY___ 89.3 MiB
2025-10-15 13:41:27,496 INFO     ___FILE_ONLY___  
2025-10-15 13:41:27,496 INFO     ___FILE_ONLY___ │
2025-10-15 13:41:27,496 INFO     ___FILE_ONLY___ 

2025-10-15 13:41:27,496 INFO     ___FILE_ONLY___ │ 
2025-10-15 13:41:27,497 INFO     ___FILE_ONLY___ Cloud Storage Command Line Tool                    
2025-10-15 13:41:27,497 INFO     ___FILE_ONLY___  
2025-10-15 13:41:27,497 INFO     ___FILE_ONLY___ │ 
2025-10-15 13:41:27,497 INFO     ___FILE_ONLY___       5.35
2025-10-15 13:41:27,497 INFO     ___FILE_ONLY___  
2025-10-15 13:41:27,497 INFO     ___FILE_ONLY___ │ 
2025-10-15 13:41:27,497 INFO     ___FILE_ONLY___ 12.4 MiB
2025-10-15 13:41:27,497 INFO     ___FILE_ONLY___  
2025-10-15 13:41:27,497 INFO     ___FILE_ONLY___ │
2025-10-15 13:41:27,497 INFO     ___FILE_ONLY___ 

2025-10-15 13:41:27,497 INFO     ___FILE_ONLY___ │ 
2025-10-15 13:41:27,498 INFO     ___FILE_ONLY___ Cloud Storage Command Line Tool (Platform Specific)
2025-10-15 13:41:27,498 INFO     ___FILE_ONLY___  
2025-10-15 13:41:27,498 INFO     ___FILE_ONLY___ │ 
2025-10-15 13:41:27,498 INFO     ___FILE_ONLY___       5.34
2025-10-15 13:41:27,498 INFO     ___FILE_ONLY___  
2025-10-15 13:41:27,498 INFO     ___FILE_ONLY___ │ 
2025-10-15 13:41:27,498 INFO     ___FILE_ONLY___  < 1 MiB
2025-10-15 13:41:27,498 INFO     ___FILE_ONLY___  
2025-10-15 13:41:27,498 INFO     ___FILE_ONLY___ │
2025-10-15 13:41:27,498 INFO     ___FILE_ONLY___ 

2025-10-15 13:41:27,498 INFO     ___FILE_ONLY___ │ 
2025-10-15 13:41:27,498 INFO     ___FILE_ONLY___ Google Cloud CLI Core Libraries (Platform Specific)
2025-10-15 13:41:27,498 INFO     ___FILE_ONLY___  
2025-10-15 13:41:27,498 INFO     ___FILE_ONLY___ │ 
2025-10-15 13:41:27,499 INFO     ___FILE_ONLY___ 2025.05.23
2025-10-15 13:41:27,499 INFO     ___FILE_ONLY___  
2025-10-15 13:41:27,499 INFO     ___FILE_ONLY___ │ 
2025-10-15 13:41:27,499 INFO     ___FILE_ONLY___  < 1 MiB
2025-10-15 13:41:27,499 INFO     ___FILE_ONLY___  
2025-10-15 13:41:27,499 INFO     ___FILE_ONLY___ │
2025-10-15 13:41:27,499 INFO     ___FILE_ONLY___ 

2025-10-15 13:41:27,499 INFO     ___FILE_ONLY___ │ 
2025-10-15 13:41:27,499 INFO     ___FILE_ONLY___ Google Cloud CRC32C Hash Tool (Platform Specific)  
2025-10-15 13:41:27,499 INFO     ___FILE_ONLY___  
2025-10-15 13:41:27,499 INFO     ___FILE_ONLY___ │ 
2025-10-15 13:41:27,499 INFO     ___FILE_ONLY___      1.0.0
2025-10-15 13:41:27,499 INFO     ___FILE_ONLY___  
2025-10-15 13:41:27,500 INFO     ___FILE_ONLY___ │ 
2025-10-15 13:41:27,500 INFO     ___FILE_ONLY___  1.5 MiB
2025-10-15 13:41:27,500 INFO     ___FILE_ONLY___  
2025-10-15 13:41:27,500 INFO     ___FILE_ONLY___ │
2025-10-15 13:41:27,500 INFO     ___FILE_ONLY___ 

2025-10-15 13:41:27,500 INFO     ___FILE_ONLY___ │ 
2025-10-15 13:41:27,500 INFO     ___FILE_ONLY___ gcloud cli dependencies (Platform Specific)        
2025-10-15 13:41:27,500 INFO     ___FILE_ONLY___  
2025-10-15 13:41:27,500 INFO     ___FILE_ONLY___ │ 
2025-10-15 13:41:27,500 INFO     ___FILE_ONLY___ 2021.04.16
2025-10-15 13:41:27,500 INFO     ___FILE_ONLY___  
2025-10-15 13:41:27,500 INFO     ___FILE_ONLY___ │ 
2025-10-15 13:41:27,501 INFO     ___FILE_ONLY___  < 1 MiB
2025-10-15 13:41:27,501 INFO     ___FILE_ONLY___  
2025-10-15 13:41:27,501 INFO     ___FILE_ONLY___ │
2025-10-15 13:41:27,501 INFO     ___FILE_ONLY___ 

2025-10-15 13:41:27,501 INFO     ___FILE_ONLY___ └─────────────────────────────────────────────────────┴────────────┴──────────┘
2025-10-15 13:41:27,501 INFO     ___FILE_ONLY___ 

2025-10-15 13:41:27,501 INFO     ___FILE_ONLY___ 

2025-10-15 13:41:27,504 DEBUG    urllib3.connectionpool Starting new HTTPS connection (1): dl.google.com:443
2025-10-15 13:41:28,407 DEBUG    urllib3.connectionpool https://dl.google.com:443 "GET /dl/cloudsdk/channels/rapid/RELEASE_NOTES HTTP/11" 200 1499632
2025-10-15 13:41:28,927 INFO     ___FILE_ONLY___ For the latest full release notes, please visit:
  https://cloud.google.com/sdk/release_notes


2025-10-15 13:41:28,927 INFO     ___FILE_ONLY___ Performing in place update...


2025-10-15 13:41:28,929 INFO     ___FILE_ONLY___ ╔════════════════════════════════════════════════════════════╗

2025-10-15 13:41:28,929 INFO     ___FILE_ONLY___ ╠═ Downloading: BigQuery Command Line Tool                  ═╣

2025-10-15 13:41:28,930 INFO     ___FILE_ONLY___ ╚
2025-10-15 13:41:28,932 DEBUG    urllib3.connectionpool Starting new HTTPS connection (1): dl.google.com:443
2025-10-15 13:41:29,908 DEBUG    urllib3.connectionpool https://dl.google.com:443 "GET /dl/cloudsdk/channels/rapid/components/google-cloud-sdk-bq-20250929142209.tar.gz HTTP/11" 200 1861858
2025-10-15 13:41:29,920 INFO     ___FILE_ONLY___ ═
2025-10-15 13:41:29,920 INFO     ___FILE_ONLY___ ═
2025-10-15 13:41:29,920 INFO     ___FILE_ONLY___ ═
2025-10-15 13:41:29,920 INFO     ___FILE_ONLY___ ═
2025-10-15 13:41:29,921 INFO     ___FILE_ONLY___ ═
2025-10-15 13:41:29,921 INFO     ___FILE_ONLY___ ═
2025-10-15 13:41:29,921 INFO     ___FILE_ONLY___ ═
2025-10-15 13:41:29,921 INFO     ___FILE_ONLY___ ═
2025-10-15 13:41:29,921 INFO     ___FILE_ONLY___ ═
2025-10-15 13:41:29,921 INFO     ___FILE_ONLY___ ═
2025-10-15 13:41:29,921 INFO     ___FILE_ONLY___ ═
2025-10-15 13:41:29,922 INFO     ___FILE_ONLY___ ═
2025-10-15 13:41:29,922 INFO     ___FILE_ONLY___ ═
2025-10-15 13:41:29,922 INFO     ___FILE_ONLY___ ═
2025-10-15 13:41:29,922 INFO     ___FILE_ONLY___ ═
2025-10-15 13:41:29,922 INFO     ___FILE_ONLY___ ═
2025-10-15 13:41:29,922 INFO     ___FILE_ONLY___ ═
2025-10-15 13:41:29,922 INFO     ___FILE_ONLY___ ═
2025-10-15 13:41:29,922 INFO     ___FILE_ONLY___ ═
2025-10-15 13:41:29,923 INFO     ___FILE_ONLY___ ═
2025-10-15 13:41:29,923 INFO     ___FILE_ONLY___ ═
2025-10-15 13:41:29,923 INFO     ___FILE_ONLY___ ═
2025-10-15 13:41:29,923 INFO     ___FILE_ONLY___ ═
2025-10-15 13:41:29,923 INFO     ___FILE_ONLY___ ═
2025-10-15 13:41:29,923 INFO     ___FILE_ONLY___ ═
2025-10-15 13:41:29,923 INFO     ___FILE_ONLY___ ═
2025-10-15 13:41:29,923 INFO     ___FILE_ONLY___ ═
2025-10-15 13:41:29,924 INFO     ___FILE_ONLY___ ═
2025-10-15 13:41:29,924 INFO     ___FILE_ONLY___ ═
2025-10-15 13:41:29,924 INFO     ___FILE_ONLY___ ═
2025-10-15 13:41:29,924 INFO     ___FILE_ONLY___ ═
2025-10-15 13:41:29,924 INFO     ___FILE_ONLY___ ═
2025-10-15 13:41:29,924 INFO     ___FILE_ONLY___ ═
2025-10-15 13:41:29,924 INFO     ___FILE_ONLY___ ═
2025-10-15 13:41:29,925 INFO     ___FILE_ONLY___ ═
2025-10-15 13:41:29,925 INFO     ___FILE_ONLY___ ═
2025-10-15 13:41:29,925 INFO     ___FILE_ONLY___ ═
2025-10-15 13:41:29,925 INFO     ___FILE_ONLY___ ═
2025-10-15 13:41:29,925 INFO     ___FILE_ONLY___ ═
2025-10-15 13:41:29,925 INFO     ___FILE_ONLY___ ═
2025-10-15 13:41:29,925 INFO     ___FILE_ONLY___ ═
2025-10-15 13:41:29,925 INFO     ___FILE_ONLY___ ═
2025-10-15 13:41:29,926 INFO     ___FILE_ONLY___ ═
2025-10-15 13:41:29,926 INFO     ___FILE_ONLY___ ═
2025-10-15 13:41:29,926 INFO     ___FILE_ONLY___ ═
2025-10-15 13:41:29,926 INFO     ___FILE_ONLY___ ═
2025-10-15 13:41:29,926 INFO     ___FILE_ONLY___ ═
2025-10-15 13:41:29,926 INFO     ___FILE_ONLY___ ═
2025-10-15 13:41:29,926 INFO     ___FILE_ONLY___ ═
2025-10-15 13:41:29,926 INFO     ___FILE_ONLY___ ═
2025-10-15 13:41:29,927 INFO     ___FILE_ONLY___ ═
2025-10-15 13:41:29,927 INFO     ___FILE_ONLY___ ═
2025-10-15 13:41:29,927 INFO     ___FILE_ONLY___ ═
2025-10-15 13:41:29,927 INFO     ___FILE_ONLY___ ═
2025-10-15 13:41:29,927 INFO     ___FILE_ONLY___ ═
2025-10-15 13:41:29,927 INFO     ___FILE_ONLY___ ═
2025-10-15 13:41:29,927 INFO     ___FILE_ONLY___ ═
2025-10-15 13:41:29,928 INFO     ___FILE_ONLY___ ═
2025-10-15 13:41:29,928 INFO     ___FILE_ONLY___ ═
2025-10-15 13:41:29,928 INFO     ___FILE_ONLY___ ═
2025-10-15 13:41:29,928 INFO     ___FILE_ONLY___ ╝

2025-10-15 13:41:29,930 INFO     ___FILE_ONLY___ ╔════════════════════════════════════════════════════════════╗

2025-10-15 13:41:29,930 INFO     ___FILE_ONLY___ ╠═ Downloading: BigQuery Command Line Tool (Platform Spe... ═╣

2025-10-15 13:41:29,930 INFO     ___FILE_ONLY___ ╚
2025-10-15 13:41:29,933 DEBUG    urllib3.connectionpool Starting new HTTPS connection (1): dl.google.com:443
2025-10-15 13:41:30,948 DEBUG    urllib3.connectionpool https://dl.google.com:443 "GET /dl/cloudsdk/channels/rapid/components/google-cloud-sdk-bq-nix-20250523104322.tar.gz HTTP/11" 200 1935
2025-10-15 13:41:30,949 INFO     ___FILE_ONLY___ ════════════════════════════════════════════════════════════
2025-10-15 13:41:30,949 INFO     ___FILE_ONLY___ ╝

2025-10-15 13:41:30,951 INFO     ___FILE_ONLY___ ╔════════════════════════════════════════════════════════════╗

2025-10-15 13:41:30,951 INFO     ___FILE_ONLY___ ╠═ Downloading: Bundled Python 3.12                         ═╣

2025-10-15 13:41:30,951 INFO     ___FILE_ONLY___ ╚
2025-10-15 13:41:30,951 INFO     ___FILE_ONLY___ ════════════════════════════════════════════════════════════
2025-10-15 13:41:30,951 INFO     ___FILE_ONLY___ ╝

2025-10-15 13:41:30,953 INFO     ___FILE_ONLY___ ╔════════════════════════════════════════════════════════════╗

2025-10-15 13:41:30,954 INFO     ___FILE_ONLY___ ╠═ Downloading: Bundled Python 3.12 (Platform Specific)     ═╣

2025-10-15 13:41:30,954 INFO     ___FILE_ONLY___ ╚
2025-10-15 13:41:30,956 DEBUG    urllib3.connectionpool Starting new HTTPS connection (1): dl.google.com:443
2025-10-15 13:41:31,113 DEBUG    urllib3.connectionpool https://dl.google.com:443 "GET /dl/cloudsdk/channels/rapid/components/google-cloud-sdk-bundled-python3-unix-linux-x86_64-20250502143716.tar.gz HTTP/11" 200 93610468
2025-10-15 13:41:31,475 INFO     ___FILE_ONLY___ ═
2025-10-15 13:41:31,477 INFO     ___FILE_ONLY___ ═
2025-10-15 13:41:31,479 INFO     ___FILE_ONLY___ ═
2025-10-15 13:41:31,481 INFO     ___FILE_ONLY___ ═
2025-10-15 13:41:31,482 INFO     ___FILE_ONLY___ ═
2025-10-15 13:41:31,484 INFO     ___FILE_ONLY___ ═
2025-10-15 13:41:31,486 INFO     ___FILE_ONLY___ ═
2025-10-15 13:41:31,487 INFO     ___FILE_ONLY___ ═
2025-10-15 13:41:31,489 INFO     ___FILE_ONLY___ ═
2025-10-15 13:41:31,490 INFO     ___FILE_ONLY___ ═
2025-10-15 13:41:31,492 INFO     ___FILE_ONLY___ ═
2025-10-15 13:41:31,494 INFO     ___FILE_ONLY___ ═
2025-10-15 13:41:31,495 INFO     ___FILE_ONLY___ ═
2025-10-15 13:41:31,497 INFO     ___FILE_ONLY___ ═
2025-10-15 13:41:31,498 INFO     ___FILE_ONLY___ ═
2025-10-15 13:41:31,500 INFO     ___FILE_ONLY___ ═
2025-10-15 13:41:31,502 INFO     ___FILE_ONLY___ ═
2025-10-15 13:41:31,503 INFO     ___FILE_ONLY___ ═
2025-10-15 13:41:31,505 INFO     ___FILE_ONLY___ ═
2025-10-15 13:41:31,506 INFO     ___FILE_ONLY___ ═
2025-10-15 13:41:31,508 INFO     ___FILE_ONLY___ ═
2025-10-15 13:41:31,510 INFO     ___FILE_ONLY___ ═
2025-10-15 13:41:31,511 INFO     ___FILE_ONLY___ ═
2025-10-15 13:41:31,513 INFO     ___FILE_ONLY___ ═
2025-10-15 13:41:31,515 INFO     ___FILE_ONLY___ ═
2025-10-15 13:41:31,516 INFO     ___FILE_ONLY___ ═
2025-10-15 13:41:31,518 INFO     ___FILE_ONLY___ ═
2025-10-15 13:41:31,519 INFO     ___FILE_ONLY___ ═
2025-10-15 13:41:31,521 INFO     ___FILE_ONLY___ ═
2025-10-15 13:41:31,523 INFO     ___FILE_ONLY___ ═
2025-10-15 13:41:31,524 INFO     ___FILE_ONLY___ ═
2025-10-15 13:41:31,526 INFO     ___FILE_ONLY___ ═
2025-10-15 13:41:31,528 INFO     ___FILE_ONLY___ ═
2025-10-15 13:41:31,529 INFO     ___FILE_ONLY___ ═
2025-10-15 13:41:31,531 INFO     ___FILE_ONLY___ ═
2025-10-15 13:41:31,532 INFO     ___FILE_ONLY___ ═
2025-10-15 13:41:31,534 INFO     ___FILE_ONLY___ ═
2025-10-15 13:41:31,536 INFO     ___FILE_ONLY___ ═
2025-10-15 13:41:31,537 INFO     ___FILE_ONLY___ ═
2025-10-15 13:41:31,539 INFO     ___FILE_ONLY___ ═
2025-10-15 13:41:31,540 INFO     ___FILE_ONLY___ ═
2025-10-15 13:41:31,542 INFO     ___FILE_ONLY___ ═
2025-10-15 13:41:31,544 INFO     ___FILE_ONLY___ ═
2025-10-15 13:41:31,545 INFO     ___FILE_ONLY___ ═
2025-10-15 13:41:31,547 INFO     ___FILE_ONLY___ ═
2025-10-15 13:41:31,549 INFO     ___FILE_ONLY___ ═
2025-10-15 13:41:31,550 INFO     ___FILE_ONLY___ ═
2025-10-15 13:41:31,552 INFO     ___FILE_ONLY___ ═
2025-10-15 13:41:31,554 INFO     ___FILE_ONLY___ ═
2025-10-15 13:41:31,555 INFO     ___FILE_ONLY___ ═
2025-10-15 13:41:31,557 INFO     ___FILE_ONLY___ ═
2025-10-15 13:41:31,558 INFO     ___FILE_ONLY___ ═
2025-10-15 13:41:31,560 INFO     ___FILE_ONLY___ ═
2025-10-15 13:41:31,562 INFO     ___FILE_ONLY___ ═
2025-10-15 13:41:31,563 INFO     ___FILE_ONLY___ ═
2025-10-15 13:41:31,565 INFO     ___FILE_ONLY___ ═
2025-10-15 13:41:31,567 INFO     ___FILE_ONLY___ ═
2025-10-15 13:41:31,568 INFO     ___FILE_ONLY___ ═
2025-10-15 13:41:31,570 INFO     ___FILE_ONLY___ ═
2025-10-15 13:41:31,572 INFO     ___FILE_ONLY___ ═
2025-10-15 13:41:31,572 INFO     ___FILE_ONLY___ ╝

2025-10-15 13:41:31,574 INFO     ___FILE_ONLY___ ╔════════════════════════════════════════════════════════════╗

2025-10-15 13:41:31,574 INFO     ___FILE_ONLY___ ╠═ Downloading: Cloud Storage Command Line Tool             ═╣

2025-10-15 13:41:31,574 INFO     ___FILE_ONLY___ ╚
2025-10-15 13:41:31,577 DEBUG    urllib3.connectionpool Starting new HTTPS connection (1): dl.google.com:443
2025-10-15 13:41:31,744 DEBUG    urllib3.connectionpool https://dl.google.com:443 "GET /dl/cloudsdk/channels/rapid/components/google-cloud-sdk-gsutil-20250627154417.tar.gz HTTP/11" 200 12962791
2025-10-15 13:41:31,799 INFO     ___FILE_ONLY___ ═
2025-10-15 13:41:31,799 INFO     ___FILE_ONLY___ ═
2025-10-15 13:41:31,799 INFO     ___FILE_ONLY___ ═
2025-10-15 13:41:31,800 INFO     ___FILE_ONLY___ ═
2025-10-15 13:41:31,800 INFO     ___FILE_ONLY___ ═
2025-10-15 13:41:31,800 INFO     ___FILE_ONLY___ ═
2025-10-15 13:41:31,800 INFO     ___FILE_ONLY___ ═
2025-10-15 13:41:31,801 INFO     ___FILE_ONLY___ ═
2025-10-15 13:41:31,801 INFO     ___FILE_ONLY___ ═
2025-10-15 13:41:31,801 INFO     ___FILE_ONLY___ ═
2025-10-15 13:41:31,801 INFO     ___FILE_ONLY___ ═
2025-10-15 13:41:31,802 INFO     ___FILE_ONLY___ ═
2025-10-15 13:41:31,802 INFO     ___FILE_ONLY___ ═
2025-10-15 13:41:31,802 INFO     ___FILE_ONLY___ ═
2025-10-15 13:41:31,802 INFO     ___FILE_ONLY___ ═
2025-10-15 13:41:31,803 INFO     ___FILE_ONLY___ ═
2025-10-15 13:41:31,803 INFO     ___FILE_ONLY___ ═
2025-10-15 13:41:31,803 INFO     ___FILE_ONLY___ ═
2025-10-15 13:41:31,804 INFO     ___FILE_ONLY___ ═
2025-10-15 13:41:31,804 INFO     ___FILE_ONLY___ ═
2025-10-15 13:41:31,804 INFO     ___FILE_ONLY___ ═
2025-10-15 13:41:31,804 INFO     ___FILE_ONLY___ ═
2025-10-15 13:41:31,805 INFO     ___FILE_ONLY___ ═
2025-10-15 13:41:31,805 INFO     ___FILE_ONLY___ ═
2025-10-15 13:41:31,805 INFO     ___FILE_ONLY___ ═
2025-10-15 13:41:31,806 INFO     ___FILE_ONLY___ ═
2025-10-15 13:41:31,806 INFO     ___FILE_ONLY___ ═
2025-10-15 13:41:31,806 INFO     ___FILE_ONLY___ ═
2025-10-15 13:41:31,806 INFO     ___FILE_ONLY___ ═
2025-10-15 13:41:31,807 INFO     ___FILE_ONLY___ ═
2025-10-15 13:41:31,807 INFO     ___FILE_ONLY___ ═
2025-10-15 13:41:31,807 INFO     ___FILE_ONLY___ ═
2025-10-15 13:41:31,807 INFO     ___FILE_ONLY___ ═
2025-10-15 13:41:31,808 INFO     ___FILE_ONLY___ ═
2025-10-15 13:41:31,808 INFO     ___FILE_ONLY___ ═
2025-10-15 13:41:31,808 INFO     ___FILE_ONLY___ ═
2025-10-15 13:41:31,809 INFO     ___FILE_ONLY___ ═
2025-10-15 13:41:31,809 INFO     ___FILE_ONLY___ ═
2025-10-15 13:41:31,809 INFO     ___FILE_ONLY___ ═
2025-10-15 13:41:31,809 INFO     ___FILE_ONLY___ ═
2025-10-15 13:41:31,810 INFO     ___FILE_ONLY___ ═
2025-10-15 13:41:31,810 INFO     ___FILE_ONLY___ ═
2025-10-15 13:41:31,810 INFO     ___FILE_ONLY___ ═
2025-10-15 13:41:31,810 INFO     ___FILE_ONLY___ ═
2025-10-15 13:41:31,811 INFO     ___FILE_ONLY___ ═
2025-10-15 13:41:31,811 INFO     ___FILE_ONLY___ ═
2025-10-15 13:41:31,811 INFO     ___FILE_ONLY___ ═
2025-10-15 13:41:31,811 INFO     ___FILE_ONLY___ ═
2025-10-15 13:41:31,812 INFO     ___FILE_ONLY___ ═
2025-10-15 13:41:31,812 INFO     ___FILE_ONLY___ ═
2025-10-15 13:41:31,812 INFO     ___FILE_ONLY___ ═
2025-10-15 13:41:31,813 INFO     ___FILE_ONLY___ ═
2025-10-15 13:41:31,813 INFO     ___FILE_ONLY___ ═
2025-10-15 13:41:31,813 INFO     ___FILE_ONLY___ ═
2025-10-15 13:41:31,813 INFO     ___FILE_ONLY___ ═
2025-10-15 13:41:31,814 INFO     ___FILE_ONLY___ ═
2025-10-15 13:41:31,814 INFO     ___FILE_ONLY___ ═
2025-10-15 13:41:31,814 INFO     ___FILE_ONLY___ ═
2025-10-15 13:41:31,814 INFO     ___FILE_ONLY___ ═
2025-10-15 13:41:31,815 INFO     ___FILE_ONLY___ ═
2025-10-15 13:41:31,815 INFO     ___FILE_ONLY___ ╝

2025-10-15 13:41:31,817 INFO     ___FILE_ONLY___ ╔════════════════════════════════════════════════════════════╗

2025-10-15 13:41:31,817 INFO     ___FILE_ONLY___ ╠═ Downloading: Cloud Storage Command Line Tool (Platfor... ═╣

2025-10-15 13:41:31,817 INFO     ___FILE_ONLY___ ╚
2025-10-15 13:41:31,820 DEBUG    urllib3.connectionpool Starting new HTTPS connection (1): dl.google.com:443
2025-10-15 13:41:32,794 DEBUG    urllib3.connectionpool https://dl.google.com:443 "GET /dl/cloudsdk/channels/rapid/components/google-cloud-sdk-gsutil-nix-20250523104322.tar.gz HTTP/11" 200 1950
2025-10-15 13:41:32,794 INFO     ___FILE_ONLY___ ════════════════════════════════════════════════════════════
2025-10-15 13:41:32,794 INFO     ___FILE_ONLY___ ╝

2025-10-15 13:41:32,796 INFO     ___FILE_ONLY___ ╔════════════════════════════════════════════════════════════╗

2025-10-15 13:41:32,797 INFO     ___FILE_ONLY___ ╠═ Downloading: Default set of gcloud commands              ═╣

2025-10-15 13:41:32,797 INFO     ___FILE_ONLY___ ╚
2025-10-15 13:41:32,797 INFO     ___FILE_ONLY___ ════════════════════════════════════════════════════════════
2025-10-15 13:41:32,797 INFO     ___FILE_ONLY___ ╝

2025-10-15 13:41:32,799 INFO     ___FILE_ONLY___ ╔════════════════════════════════════════════════════════════╗

2025-10-15 13:41:32,799 INFO     ___FILE_ONLY___ ╠═ Downloading: Google Cloud CLI Core Libraries (Platfor... ═╣

2025-10-15 13:41:32,799 INFO     ___FILE_ONLY___ ╚
2025-10-15 13:41:32,801 DEBUG    urllib3.connectionpool Starting new HTTPS connection (1): dl.google.com:443
2025-10-15 13:41:33,703 DEBUG    urllib3.connectionpool https://dl.google.com:443 "GET /dl/cloudsdk/channels/rapid/components/google-cloud-sdk-core-nix-20250523104322.tar.gz HTTP/11" 200 2325
2025-10-15 13:41:33,703 INFO     ___FILE_ONLY___ ════════════════════════════════════════════════════════════
2025-10-15 13:41:33,703 INFO     ___FILE_ONLY___ ╝

2025-10-15 13:41:33,705 INFO     ___FILE_ONLY___ ╔════════════════════════════════════════════════════════════╗

2025-10-15 13:41:33,705 INFO     ___FILE_ONLY___ ╠═ Downloading: Google Cloud CRC32C Hash Tool               ═╣

2025-10-15 13:41:33,705 INFO     ___FILE_ONLY___ ╚
2025-10-15 13:41:33,706 INFO     ___FILE_ONLY___ ════════════════════════════════════════════════════════════
2025-10-15 13:41:33,706 INFO     ___FILE_ONLY___ ╝

2025-10-15 13:41:33,707 INFO     ___FILE_ONLY___ ╔════════════════════════════════════════════════════════════╗

2025-10-15 13:41:33,707 INFO     ___FILE_ONLY___ ╠═ Downloading: Google Cloud CRC32C Hash Tool (Platform ... ═╣

2025-10-15 13:41:33,707 INFO     ___FILE_ONLY___ ╚
2025-10-15 13:41:33,710 DEBUG    urllib3.connectionpool Starting new HTTPS connection (1): dl.google.com:443
2025-10-15 13:41:34,613 DEBUG    urllib3.connectionpool https://dl.google.com:443 "GET /dl/cloudsdk/channels/rapid/components/google-cloud-sdk-gcloud-crc32c-linux-x86_64-20250613150750.tar.gz HTTP/11" 200 1525557
2025-10-15 13:41:34,625 INFO     ___FILE_ONLY___ ═
2025-10-15 13:41:34,625 INFO     ___FILE_ONLY___ ═
2025-10-15 13:41:34,625 INFO     ___FILE_ONLY___ ═
2025-10-15 13:41:34,625 INFO     ___FILE_ONLY___ ═
2025-10-15 13:41:34,625 INFO     ___FILE_ONLY___ ═
2025-10-15 13:41:34,625 INFO     ___FILE_ONLY___ ═
2025-10-15 13:41:34,625 INFO     ___FILE_ONLY___ ═
2025-10-15 13:41:34,625 INFO     ___FILE_ONLY___ ═
2025-10-15 13:41:34,625 INFO     ___FILE_ONLY___ ═
2025-10-15 13:41:34,625 INFO     ___FILE_ONLY___ ═
2025-10-15 13:41:34,626 INFO     ___FILE_ONLY___ ═
2025-10-15 13:41:34,626 INFO     ___FILE_ONLY___ ═
2025-10-15 13:41:34,626 INFO     ___FILE_ONLY___ ═
2025-10-15 13:41:34,626 INFO     ___FILE_ONLY___ ═
2025-10-15 13:41:34,626 INFO     ___FILE_ONLY___ ═
2025-10-15 13:41:34,626 INFO     ___FILE_ONLY___ ═
2025-10-15 13:41:34,626 INFO     ___FILE_ONLY___ ═
2025-10-15 13:41:34,626 INFO     ___FILE_ONLY___ ═
2025-10-15 13:41:34,626 INFO     ___FILE_ONLY___ ═
2025-10-15 13:41:34,626 INFO     ___FILE_ONLY___ ═
2025-10-15 13:41:34,626 INFO     ___FILE_ONLY___ ═
2025-10-15 13:41:34,626 INFO     ___FILE_ONLY___ ═
2025-10-15 13:41:34,627 INFO     ___FILE_ONLY___ ═
2025-10-15 13:41:34,627 INFO     ___FILE_ONLY___ ═
2025-10-15 13:41:34,627 INFO     ___FILE_ONLY___ ═
2025-10-15 13:41:34,627 INFO     ___FILE_ONLY___ ═
2025-10-15 13:41:34,627 INFO     ___FILE_ONLY___ ═
2025-10-15 13:41:34,627 INFO     ___FILE_ONLY___ ═
2025-10-15 13:41:34,627 INFO     ___FILE_ONLY___ ═
2025-10-15 13:41:34,627 INFO     ___FILE_ONLY___ ═
2025-10-15 13:41:34,627 INFO     ___FILE_ONLY___ ═
2025-10-15 13:41:34,627 INFO     ___FILE_ONLY___ ═
2025-10-15 13:41:34,627 INFO     ___FILE_ONLY___ ═
2025-10-15 13:41:34,627 INFO     ___FILE_ONLY___ ═
2025-10-15 13:41:34,627 INFO     ___FILE_ONLY___ ═
2025-10-15 13:41:34,628 INFO     ___FILE_ONLY___ ═
2025-10-15 13:41:34,628 INFO     ___FILE_ONLY___ ═
2025-10-15 13:41:34,628 INFO     ___FILE_ONLY___ ═
2025-10-15 13:41:34,628 INFO     ___FILE_ONLY___ ═
2025-10-15 13:41:34,628 INFO     ___FILE_ONLY___ ═
2025-10-15 13:41:34,628 INFO     ___FILE_ONLY___ ═
2025-10-15 13:41:34,628 INFO     ___FILE_ONLY___ ═
2025-10-15 13:41:34,628 INFO     ___FILE_ONLY___ ═
2025-10-15 13:41:34,628 INFO     ___FILE_ONLY___ ═
2025-10-15 13:41:34,628 INFO     ___FILE_ONLY___ ═
2025-10-15 13:41:34,628 INFO     ___FILE_ONLY___ ═
2025-10-15 13:41:34,628 INFO     ___FILE_ONLY___ ═
2025-10-15 13:41:34,629 INFO     ___FILE_ONLY___ ═
2025-10-15 13:41:34,629 INFO     ___FILE_ONLY___ ═
2025-10-15 13:41:34,629 INFO     ___FILE_ONLY___ ═
2025-10-15 13:41:34,629 INFO     ___FILE_ONLY___ ═
2025-10-15 13:41:34,629 INFO     ___FILE_ONLY___ ═
2025-10-15 13:41:34,629 INFO     ___FILE_ONLY___ ═
2025-10-15 13:41:34,629 INFO     ___FILE_ONLY___ ═
2025-10-15 13:41:34,629 INFO     ___FILE_ONLY___ ═
2025-10-15 13:41:34,629 INFO     ___FILE_ONLY___ ═
2025-10-15 13:41:34,629 INFO     ___FILE_ONLY___ ═
2025-10-15 13:41:34,629 INFO     ___FILE_ONLY___ ═
2025-10-15 13:41:34,629 INFO     ___FILE_ONLY___ ═
2025-10-15 13:41:34,629 INFO     ___FILE_ONLY___ ═
2025-10-15 13:41:34,629 INFO     ___FILE_ONLY___ ╝

2025-10-15 13:41:34,631 INFO     ___FILE_ONLY___ ╔════════════════════════════════════════════════════════════╗

2025-10-15 13:41:34,632 INFO     ___FILE_ONLY___ ╠═ Downloading: gcloud cli dependencies (Platform Specific) ═╣

2025-10-15 13:41:34,632 INFO     ___FILE_ONLY___ ╚
2025-10-15 13:41:34,634 DEBUG    urllib3.connectionpool Starting new HTTPS connection (1): dl.google.com:443
2025-10-15 13:41:35,634 DEBUG    urllib3.connectionpool https://dl.google.com:443 "GET /dl/cloudsdk/channels/rapid/components/google-cloud-sdk-gcloud-deps-linux-x86_64-20210416153011.tar.gz HTTP/11" 200 104
2025-10-15 13:41:35,635 INFO     ___FILE_ONLY___ ════════════════════════════════════════════════════════════
2025-10-15 13:41:35,635 INFO     ___FILE_ONLY___ ╝

2025-10-15 13:41:35,637 INFO     ___FILE_ONLY___ ╔════════════════════════════════════════════════════════════╗

2025-10-15 13:41:35,637 INFO     ___FILE_ONLY___ ╠═ Installing: BigQuery Command Line Tool                   ═╣

2025-10-15 13:41:35,637 INFO     ___FILE_ONLY___ ╚
2025-10-15 13:41:35,729 INFO     ___FILE_ONLY___ ═
2025-10-15 13:41:35,732 INFO     ___FILE_ONLY___ ═
2025-10-15 13:41:35,734 INFO     ___FILE_ONLY___ ═
2025-10-15 13:41:35,736 INFO     ___FILE_ONLY___ ═
2025-10-15 13:41:35,739 INFO     ___FILE_ONLY___ ═
2025-10-15 13:41:35,741 INFO     ___FILE_ONLY___ ═
2025-10-15 13:41:35,744 INFO     ___FILE_ONLY___ ═
2025-10-15 13:41:35,745 INFO     ___FILE_ONLY___ ═
2025-10-15 13:41:35,748 INFO     ___FILE_ONLY___ ═
2025-10-15 13:41:35,750 INFO     ___FILE_ONLY___ ═
2025-10-15 13:41:35,752 INFO     ___FILE_ONLY___ ═
2025-10-15 13:41:35,754 INFO     ___FILE_ONLY___ ═
2025-10-15 13:41:35,756 INFO     ___FILE_ONLY___ ═
2025-10-15 13:41:35,759 INFO     ___FILE_ONLY___ ═
2025-10-15 13:41:35,761 INFO     ___FILE_ONLY___ ═
2025-10-15 13:41:35,763 INFO     ___FILE_ONLY___ ═
2025-10-15 13:41:35,765 INFO     ___FILE_ONLY___ ═
2025-10-15 13:41:35,767 INFO     ___FILE_ONLY___ ═
2025-10-15 13:41:35,769 INFO     ___FILE_ONLY___ ═
2025-10-15 13:41:35,773 INFO     ___FILE_ONLY___ ═
2025-10-15 13:41:35,775 INFO     ___FILE_ONLY___ ═
2025-10-15 13:41:35,777 INFO     ___FILE_ONLY___ ═
2025-10-15 13:41:35,780 INFO     ___FILE_ONLY___ ═
2025-10-15 13:41:35,782 INFO     ___FILE_ONLY___ ═
2025-10-15 13:41:35,783 INFO     ___FILE_ONLY___ ═
2025-10-15 13:41:35,785 INFO     ___FILE_ONLY___ ═
2025-10-15 13:41:35,788 INFO     ___FILE_ONLY___ ═
2025-10-15 13:41:35,789 INFO     ___FILE_ONLY___ ═
2025-10-15 13:41:35,792 INFO     ___FILE_ONLY___ ═
2025-10-15 13:41:35,796 INFO     ___FILE_ONLY___ ═
2025-10-15 13:41:35,798 INFO     ___FILE_ONLY___ ═
2025-10-15 13:41:35,800 INFO     ___FILE_ONLY___ ═
2025-10-15 13:41:35,802 INFO     ___FILE_ONLY___ ═
2025-10-15 13:41:35,805 INFO     ___FILE_ONLY___ ═
2025-10-15 13:41:35,807 INFO     ___FILE_ONLY___ ═
2025-10-15 13:41:35,814 INFO     ___FILE_ONLY___ ═
2025-10-15 13:41:35,819 INFO     ___FILE_ONLY___ ═
2025-10-15 13:41:35,823 INFO     ___FILE_ONLY___ ═
2025-10-15 13:41:35,825 INFO     ___FILE_ONLY___ ═
2025-10-15 13:41:35,828 INFO     ___FILE_ONLY___ ═
2025-10-15 13:41:35,830 INFO     ___FILE_ONLY___ ═
2025-10-15 13:41:35,832 INFO     ___FILE_ONLY___ ═
2025-10-15 13:41:35,835 INFO     ___FILE_ONLY___ ═
2025-10-15 13:41:35,839 INFO     ___FILE_ONLY___ ═
2025-10-15 13:41:35,841 INFO     ___FILE_ONLY___ ═
2025-10-15 13:41:35,843 INFO     ___FILE_ONLY___ ═
2025-10-15 13:41:35,845 INFO     ___FILE_ONLY___ ═
2025-10-15 13:41:35,847 INFO     ___FILE_ONLY___ ═
2025-10-15 13:41:35,849 INFO     ___FILE_ONLY___ ═
2025-10-15 13:41:35,851 INFO     ___FILE_ONLY___ ═
2025-10-15 13:41:35,854 INFO     ___FILE_ONLY___ ═
2025-10-15 13:41:35,856 INFO     ___FILE_ONLY___ ═
2025-10-15 13:41:35,858 INFO     ___FILE_ONLY___ ═
2025-10-15 13:41:35,860 INFO     ___FILE_ONLY___ ═
2025-10-15 13:41:35,862 INFO     ___FILE_ONLY___ ═
2025-10-15 13:41:35,864 INFO     ___FILE_ONLY___ ═
2025-10-15 13:41:35,866 INFO     ___FILE_ONLY___ ═
2025-10-15 13:41:35,868 INFO     ___FILE_ONLY___ ═
2025-10-15 13:41:35,870 INFO     ___FILE_ONLY___ ═
2025-10-15 13:41:35,872 INFO     ___FILE_ONLY___ ═
2025-10-15 13:41:35,872 INFO     ___FILE_ONLY___ ╝

2025-10-15 13:41:35,880 INFO     ___FILE_ONLY___ ╔════════════════════════════════════════════════════════════╗

2025-10-15 13:41:35,880 INFO     ___FILE_ONLY___ ╠═ Installing: BigQuery Command Line Tool (Platform Spec... ═╣

2025-10-15 13:41:35,880 INFO     ___FILE_ONLY___ ╚
2025-10-15 13:41:35,881 INFO     ___FILE_ONLY___ ════════════════════════════════════════════════════════════
2025-10-15 13:41:35,881 INFO     ___FILE_ONLY___ ╝

2025-10-15 13:41:35,885 INFO     ___FILE_ONLY___ ╔════════════════════════════════════════════════════════════╗

2025-10-15 13:41:35,885 INFO     ___FILE_ONLY___ ╠═ Installing: Bundled Python 3.12                          ═╣

2025-10-15 13:41:35,885 INFO     ___FILE_ONLY___ ╚
2025-10-15 13:41:35,888 INFO     ___FILE_ONLY___ ════════════════════════════════════════════════════════════
2025-10-15 13:41:35,888 INFO     ___FILE_ONLY___ ╝

2025-10-15 13:41:35,890 INFO     ___FILE_ONLY___ ╔════════════════════════════════════════════════════════════╗

2025-10-15 13:41:35,890 INFO     ___FILE_ONLY___ ╠═ Installing: Bundled Python 3.12 (Platform Specific)      ═╣

2025-10-15 13:41:35,890 INFO     ___FILE_ONLY___ ╚
2025-10-15 13:41:38,019 INFO     ___FILE_ONLY___ ═
2025-10-15 13:41:38,031 INFO     ___FILE_ONLY___ ═
2025-10-15 13:41:38,042 INFO     ___FILE_ONLY___ ═
2025-10-15 13:41:38,054 INFO     ___FILE_ONLY___ ═
2025-10-15 13:41:38,066 INFO     ___FILE_ONLY___ ═
2025-10-15 13:41:38,078 INFO     ___FILE_ONLY___ ═
2025-10-15 13:41:38,090 INFO     ___FILE_ONLY___ ═
2025-10-15 13:41:38,101 INFO     ___FILE_ONLY___ ═
2025-10-15 13:41:38,113 INFO     ___FILE_ONLY___ ═
2025-10-15 13:41:38,124 INFO     ___FILE_ONLY___ ═
2025-10-15 13:41:38,135 INFO     ___FILE_ONLY___ ═
2025-10-15 13:41:38,147 INFO     ___FILE_ONLY___ ═
2025-10-15 13:41:38,159 INFO     ___FILE_ONLY___ ═
2025-10-15 13:41:38,171 INFO     ___FILE_ONLY___ ═
2025-10-15 13:41:38,183 INFO     ___FILE_ONLY___ ═
2025-10-15 13:41:38,194 INFO     ___FILE_ONLY___ ═
2025-10-15 13:41:38,206 INFO     ___FILE_ONLY___ ═
2025-10-15 13:41:38,218 INFO     ___FILE_ONLY___ ═
2025-10-15 13:41:38,230 INFO     ___FILE_ONLY___ ═
2025-10-15 13:41:38,242 INFO     ___FILE_ONLY___ ═
2025-10-15 13:41:38,254 INFO     ___FILE_ONLY___ ═
2025-10-15 13:41:38,266 INFO     ___FILE_ONLY___ ═
2025-10-15 13:41:38,278 INFO     ___FILE_ONLY___ ═
2025-10-15 13:41:38,289 INFO     ___FILE_ONLY___ ═
2025-10-15 13:41:38,301 INFO     ___FILE_ONLY___ ═
2025-10-15 13:41:38,313 INFO     ___FILE_ONLY___ ═
2025-10-15 13:41:38,325 INFO     ___FILE_ONLY___ ═
2025-10-15 13:41:38,337 INFO     ___FILE_ONLY___ ═
2025-10-15 13:41:38,349 INFO     ___FILE_ONLY___ ═
2025-10-15 13:41:38,361 INFO     ___FILE_ONLY___ ═
2025-10-15 13:41:38,373 INFO     ___FILE_ONLY___ ═
2025-10-15 13:41:38,384 INFO     ___FILE_ONLY___ ═
2025-10-15 13:41:38,396 INFO     ___FILE_ONLY___ ═
2025-10-15 13:41:38,409 INFO     ___FILE_ONLY___ ═
2025-10-15 13:41:38,425 INFO     ___FILE_ONLY___ ═
2025-10-15 13:41:38,439 INFO     ___FILE_ONLY___ ═
2025-10-15 13:41:39,257 INFO     ___FILE_ONLY___ ═
2025-10-15 13:41:39,280 INFO     ___FILE_ONLY___ ═
2025-10-15 13:41:39,746 INFO     ___FILE_ONLY___ ═
2025-10-15 13:41:39,763 INFO     ___FILE_ONLY___ ═
2025-10-15 13:41:39,784 INFO     ___FILE_ONLY___ ═
2025-10-15 13:41:39,808 INFO     ___FILE_ONLY___ ═
2025-10-15 13:41:39,825 INFO     ___FILE_ONLY___ ═
2025-10-15 13:41:39,851 INFO     ___FILE_ONLY___ ═
2025-10-15 13:41:39,870 INFO     ___FILE_ONLY___ ═
2025-10-15 13:41:39,888 INFO     ___FILE_ONLY___ ═
2025-10-15 13:41:39,904 INFO     ___FILE_ONLY___ ═
2025-10-15 13:41:39,920 INFO     ___FILE_ONLY___ ═
2025-10-15 13:41:40,004 INFO     ___FILE_ONLY___ ═
2025-10-15 13:41:40,021 INFO     ___FILE_ONLY___ ═
2025-10-15 13:41:40,152 INFO     ___FILE_ONLY___ ═
2025-10-15 13:41:40,168 INFO     ___FILE_ONLY___ ═
2025-10-15 13:41:40,184 INFO     ___FILE_ONLY___ ═
2025-10-15 13:41:40,200 INFO     ___FILE_ONLY___ ═
2025-10-15 13:41:40,215 INFO     ___FILE_ONLY___ ═
2025-10-15 13:41:40,232 INFO     ___FILE_ONLY___ ═
2025-10-15 13:41:40,248 INFO     ___FILE_ONLY___ ═
2025-10-15 13:41:40,264 INFO     ___FILE_ONLY___ ═
2025-10-15 13:41:40,290 INFO     ___FILE_ONLY___ ═
2025-10-15 13:41:40,746 INFO     ___FILE_ONLY___ ═
2025-10-15 13:41:40,747 INFO     ___FILE_ONLY___ ╝

2025-10-15 13:41:40,797 INFO     ___FILE_ONLY___ ╔════════════════════════════════════════════════════════════╗

2025-10-15 13:41:40,798 INFO     ___FILE_ONLY___ ╠═ Installing: Cloud Storage Command Line Tool              ═╣

2025-10-15 13:41:40,798 INFO     ___FILE_ONLY___ ╚
2025-10-15 13:41:41,338 INFO     ___FILE_ONLY___ ═
2025-10-15 13:41:41,349 INFO     ___FILE_ONLY___ ═
2025-10-15 13:41:41,359 INFO     ___FILE_ONLY___ ═
2025-10-15 13:41:41,368 INFO     ___FILE_ONLY___ ═
2025-10-15 13:41:41,378 INFO     ___FILE_ONLY___ ═
2025-10-15 13:41:41,410 INFO     ___FILE_ONLY___ ═
2025-10-15 13:41:41,423 INFO     ___FILE_ONLY___ ═
2025-10-15 13:41:41,438 INFO     ___FILE_ONLY___ ═
2025-10-15 13:41:41,452 INFO     ___FILE_ONLY___ ═
2025-10-15 13:41:41,466 INFO     ___FILE_ONLY___ ═
2025-10-15 13:41:41,483 INFO     ___FILE_ONLY___ ═
2025-10-15 13:41:41,493 INFO     ___FILE_ONLY___ ═
2025-10-15 13:41:41,505 INFO     ___FILE_ONLY___ ═
2025-10-15 13:41:41,513 INFO     ___FILE_ONLY___ ═
2025-10-15 13:41:41,522 INFO     ___FILE_ONLY___ ═
2025-10-15 13:41:41,538 INFO     ___FILE_ONLY___ ═
2025-10-15 13:41:41,551 INFO     ___FILE_ONLY___ ═
2025-10-15 13:41:41,560 INFO     ___FILE_ONLY___ ═
2025-10-15 13:41:41,571 INFO     ___FILE_ONLY___ ═
2025-10-15 13:41:41,582 INFO     ___FILE_ONLY___ ═
2025-10-15 13:41:41,591 INFO     ___FILE_ONLY___ ═
2025-10-15 13:41:41,603 INFO     ___FILE_ONLY___ ═
2025-10-15 13:41:41,613 INFO     ___FILE_ONLY___ ═
2025-10-15 13:41:41,623 INFO     ___FILE_ONLY___ ═
2025-10-15 13:41:41,632 INFO     ___FILE_ONLY___ ═
2025-10-15 13:41:41,642 INFO     ___FILE_ONLY___ ═
2025-10-15 13:41:41,652 INFO     ___FILE_ONLY___ ═
2025-10-15 13:41:41,665 INFO     ___FILE_ONLY___ ═
2025-10-15 13:41:41,680 INFO     ___FILE_ONLY___ ═
2025-10-15 13:41:41,692 INFO     ___FILE_ONLY___ ═
2025-10-15 13:41:41,703 INFO     ___FILE_ONLY___ ═
2025-10-15 13:41:41,723 INFO     ___FILE_ONLY___ ═
2025-10-15 13:41:41,738 INFO     ___FILE_ONLY___ ═
2025-10-15 13:41:41,756 INFO     ___FILE_ONLY___ ═
2025-10-15 13:41:41,769 INFO     ___FILE_ONLY___ ═
2025-10-15 13:41:41,785 INFO     ___FILE_ONLY___ ═
2025-10-15 13:41:41,794 INFO     ___FILE_ONLY___ ═
2025-10-15 13:41:41,804 INFO     ___FILE_ONLY___ ═
2025-10-15 13:41:41,838 INFO     ___FILE_ONLY___ ═
2025-10-15 13:41:41,851 INFO     ___FILE_ONLY___ ═
2025-10-15 13:41:41,862 INFO     ___FILE_ONLY___ ═
2025-10-15 13:41:41,872 INFO     ___FILE_ONLY___ ═
2025-10-15 13:41:41,882 INFO     ___FILE_ONLY___ ═
2025-10-15 13:41:41,892 INFO     ___FILE_ONLY___ ═
2025-10-15 13:41:41,902 INFO     ___FILE_ONLY___ ═
2025-10-15 13:41:41,911 INFO     ___FILE_ONLY___ ═
2025-10-15 13:41:41,920 INFO     ___FILE_ONLY___ ═
2025-10-15 13:41:41,929 INFO     ___FILE_ONLY___ ═
2025-10-15 13:41:41,939 INFO     ___FILE_ONLY___ ═
2025-10-15 13:41:41,951 INFO     ___FILE_ONLY___ ═
2025-10-15 13:41:41,964 INFO     ___FILE_ONLY___ ═
2025-10-15 13:41:41,976 INFO     ___FILE_ONLY___ ═
2025-10-15 13:41:41,989 INFO     ___FILE_ONLY___ ═
2025-10-15 13:41:42,002 INFO     ___FILE_ONLY___ ═
2025-10-15 13:41:42,014 INFO     ___FILE_ONLY___ ═
2025-10-15 13:41:42,028 INFO     ___FILE_ONLY___ ═
2025-10-15 13:41:42,044 INFO     ___FILE_ONLY___ ═
2025-10-15 13:41:42,063 INFO     ___FILE_ONLY___ ═
2025-10-15 13:41:42,080 INFO     ___FILE_ONLY___ ═
2025-10-15 13:41:42,097 INFO     ___FILE_ONLY___ ═
2025-10-15 13:41:42,097 INFO     ___FILE_ONLY___ ╝

2025-10-15 13:41:42,127 INFO     ___FILE_ONLY___ ╔════════════════════════════════════════════════════════════╗

2025-10-15 13:41:42,128 INFO     ___FILE_ONLY___ ╠═ Installing: Cloud Storage Command Line Tool (Platform... ═╣

2025-10-15 13:41:42,128 INFO     ___FILE_ONLY___ ╚
2025-10-15 13:41:42,128 INFO     ___FILE_ONLY___ ════════════════════════════════════════════════════════════
2025-10-15 13:41:42,129 INFO     ___FILE_ONLY___ ╝

2025-10-15 13:41:42,133 INFO     ___FILE_ONLY___ ╔════════════════════════════════════════════════════════════╗

2025-10-15 13:41:42,133 INFO     ___FILE_ONLY___ ╠═ Installing: Default set of gcloud commands               ═╣

2025-10-15 13:41:42,133 INFO     ___FILE_ONLY___ ╚
2025-10-15 13:41:42,135 INFO     ___FILE_ONLY___ ════════════════════════════════════════════════════════════
2025-10-15 13:41:42,135 INFO     ___FILE_ONLY___ ╝

2025-10-15 13:41:42,137 INFO     ___FILE_ONLY___ ╔════════════════════════════════════════════════════════════╗

2025-10-15 13:41:42,137 INFO     ___FILE_ONLY___ ╠═ Installing: Google Cloud CLI Core Libraries (Platform... ═╣

2025-10-15 13:41:42,137 INFO     ___FILE_ONLY___ ╚
2025-10-15 13:41:42,138 INFO     ___FILE_ONLY___ ══════════════════════════════
2025-10-15 13:41:42,138 INFO     ___FILE_ONLY___ ══════════════════════════════
2025-10-15 13:41:42,138 INFO     ___FILE_ONLY___ ╝

2025-10-15 13:41:42,142 INFO     ___FILE_ONLY___ ╔════════════════════════════════════════════════════════════╗

2025-10-15 13:41:42,142 INFO     ___FILE_ONLY___ ╠═ Installing: Google Cloud CRC32C Hash Tool                ═╣

2025-10-15 13:41:42,142 INFO     ___FILE_ONLY___ ╚
2025-10-15 13:41:42,145 INFO     ___FILE_ONLY___ ════════════════════════════════════════════════════════════
2025-10-15 13:41:42,145 INFO     ___FILE_ONLY___ ╝

2025-10-15 13:41:42,146 INFO     ___FILE_ONLY___ ╔════════════════════════════════════════════════════════════╗

2025-10-15 13:41:42,147 INFO     ___FILE_ONLY___ ╠═ Installing: Google Cloud CRC32C Hash Tool (Platform S... ═╣

2025-10-15 13:41:42,147 INFO     ___FILE_ONLY___ ╚
2025-10-15 13:41:42,183 INFO     ___FILE_ONLY___ ══════════════════════════════
2025-10-15 13:41:42,184 INFO     ___FILE_ONLY___ ══════════════════════════════
2025-10-15 13:41:42,184 INFO     ___FILE_ONLY___ ╝

2025-10-15 13:41:42,189 INFO     ___FILE_ONLY___ ╔════════════════════════════════════════════════════════════╗

2025-10-15 13:41:42,189 INFO     ___FILE_ONLY___ ╠═ Installing: gcloud cli dependencies (Platform Specific)  ═╣

2025-10-15 13:41:42,189 INFO     ___FILE_ONLY___ ╚
2025-10-15 13:41:42,189 INFO     ___FILE_ONLY___ ════════════════════════════════════════════════════════════
2025-10-15 13:41:42,189 INFO     ___FILE_ONLY___ ╝

2025-10-15 13:41:42,194 DEBUG    root            Updating notification cache...
2025-10-15 13:41:42,194 INFO     ___FILE_ONLY___ 

2025-10-15 13:41:42,196 INFO     ___FILE_ONLY___ Performing post processing steps...
2025-10-15 13:41:42,197 DEBUG    root            Executing command: ['/tools/google-cloud-sdk/bin/gcloud', 'components', 'post-process']
2025-10-15 13:41:50,679 DEBUG    ___FILE_ONLY___ 
2025-10-15 13:41:50,679 DEBUG    ___FILE_ONLY___ 
2025-10-15 13:41:50,741 INFO     root            descriptor_list: [{'universeDomain': 'googleapis.com', 'universeShortName': '', 'authenticationDomain': 'auth.cloud.google.com', 'projectPrefix': '', 'cloudWebDomain': 'cloud.google.com', 'documentationDomain': 'cloud.google.com', 'version': '1.0.0', 'state': 'primary', 'artifactRegistryDomain': 'pkg.dev'}]
2025-10-15 13:41:50,742 INFO     ___FILE_ONLY___ 
Update done!


2025-10-15 13:41:50,744 DEBUG    root            Chosen display Format:none
2025-10-15 13:41:50,745 INFO     root            Display format: "none"
